==170181== Memcheck, a memory error detector
==170181== Copyright (C) 2002-2022, and GNU GPL'd, by Julian Seward et al.
==170181== Using Valgrind-3.19.0 and LibVEX; rerun with -h for copyright info
==170181== Command: ./bin/index
==170181== Parent PID: 167606
==170181== 
==170181== Thread 2:
==170181== Conditional jump or move depends on uninitialised value(s)
==170181==    at 0x10FB99: read_process_cpu_usage (helpers.c:102)
==170181==    by 0x10FFC6: read_process_stat (helpers.c:196)
==170181==    by 0x11057F: parse_processes_dir (helpers.c:222)
==170181==    by 0x10B219: proc_dir_read_and_parse (utils.c:42)
==170181==    by 0x10D42A: read_processes_data (index.c:6)
==170181==    by 0x10B579: redraw_screen (render.c:16)
==170181==    by 0x10B659: render_routine (render.c:51)
==170181==    by 0x49541F4: start_thread (pthread_create.c:442)
==170181==    by 0x49D3B3F: clone (clone.S:100)
==170181== 
==170181== Conditional jump or move depends on uninitialised value(s)
==170181==    at 0x10E324: show_processes (index.c:46)
==170181==    by 0x10B59D: redraw_screen (render.c:22)
==170181==    by 0x10B659: render_routine (render.c:51)
==170181==    by 0x49541F4: start_thread (pthread_create.c:442)
==170181==    by 0x49D3B3F: clone (clone.S:100)
==170181== 
==170181== Conditional jump or move depends on uninitialised value(s)
==170181==    at 0x10E33C: show_processes (index.c:46)
==170181==    by 0x10B59D: redraw_screen (render.c:22)
==170181==    by 0x10B659: render_routine (render.c:51)
==170181==    by 0x49541F4: start_thread (pthread_create.c:442)
==170181==    by 0x49D3B3F: clone (clone.S:100)
==170181== 
==170181== Conditional jump or move depends on uninitialised value(s)
==170181==    at 0x487C8E2: pnoutrefresh (in /usr/lib/x86_64-linux-gnu/libncurses.so.6.4)
==170181==    by 0x487CBA9: prefresh (in /usr/lib/x86_64-linux-gnu/libncurses.so.6.4)
==170181==    by 0x10E9FA: refresh_processes_pad (index.c:107)
==170181==    by 0x10EA8E: handle_manual_process_selection (index.c:130)
==170181==    by 0x10E35E: show_processes (index.c:49)
==170181==    by 0x10B59D: redraw_screen (render.c:22)
==170181==    by 0x10B659: render_routine (render.c:51)
==170181==    by 0x49541F4: start_thread (pthread_create.c:442)
==170181==    by 0x49D3B3F: clone (clone.S:100)
==170181== 
==170181== Conditional jump or move depends on uninitialised value(s)
==170181==    at 0x487C9C1: pnoutrefresh (in /usr/lib/x86_64-linux-gnu/libncurses.so.6.4)
==170181==    by 0x487CBA9: prefresh (in /usr/lib/x86_64-linux-gnu/libncurses.so.6.4)
==170181==    by 0x10E9FA: refresh_processes_pad (index.c:107)
==170181==    by 0x10EA8E: handle_manual_process_selection (index.c:130)
==170181==    by 0x10E35E: show_processes (index.c:49)
==170181==    by 0x10B59D: redraw_screen (render.c:22)
==170181==    by 0x10B659: render_routine (render.c:51)
==170181==    by 0x49541F4: start_thread (pthread_create.c:442)
==170181==    by 0x49D3B3F: clone (clone.S:100)
==170181== 
==170181== Use of uninitialised value of size 8
==170181==    at 0x487C9D5: pnoutrefresh (in /usr/lib/x86_64-linux-gnu/libncurses.so.6.4)
==170181==    by 0x487CBA9: prefresh (in /usr/lib/x86_64-linux-gnu/libncurses.so.6.4)
==170181==    by 0x10E9FA: refresh_processes_pad (index.c:107)
==170181==    by 0x10EA8E: handle_manual_process_selection (index.c:130)
==170181==    by 0x10E35E: show_processes (index.c:49)
==170181==    by 0x10B59D: redraw_screen (render.c:22)
==170181==    by 0x10B659: render_routine (render.c:51)
==170181==    by 0x49541F4: start_thread (pthread_create.c:442)
==170181==    by 0x49D3B3F: clone (clone.S:100)
==170181== 
==170181== Conditional jump or move depends on uninitialised value(s)
==170181==    at 0x487CA2A: pnoutrefresh (in /usr/lib/x86_64-linux-gnu/libncurses.so.6.4)
==170181==    by 0x487CBA9: prefresh (in /usr/lib/x86_64-linux-gnu/libncurses.so.6.4)
==170181==    by 0x10E9FA: refresh_processes_pad (index.c:107)
==170181==    by 0x10EA8E: handle_manual_process_selection (index.c:130)
==170181==    by 0x10E35E: show_processes (index.c:49)
==170181==    by 0x10B59D: redraw_screen (render.c:22)
==170181==    by 0x10B659: render_routine (render.c:51)
==170181==    by 0x49541F4: start_thread (pthread_create.c:442)
==170181==    by 0x49D3B3F: clone (clone.S:100)
==170181== 
==170181== Use of uninitialised value of size 8
==170181==    at 0x487C9FC: pnoutrefresh (in /usr/lib/x86_64-linux-gnu/libncurses.so.6.4)
==170181==    by 0x487CBA9: prefresh (in /usr/lib/x86_64-linux-gnu/libncurses.so.6.4)
==170181==    by 0x10E9FA: refresh_processes_pad (index.c:107)
==170181==    by 0x10EA8E: handle_manual_process_selection (index.c:130)
==170181==    by 0x10E35E: show_processes (index.c:49)
==170181==    by 0x10B59D: redraw_screen (render.c:22)
==170181==    by 0x10B659: render_routine (render.c:51)
==170181==    by 0x49541F4: start_thread (pthread_create.c:442)
==170181==    by 0x49D3B3F: clone (clone.S:100)
==170181== 
==170181== Conditional jump or move depends on uninitialised value(s)
==170181==    at 0x487C9FA: pnoutrefresh (in /usr/lib/x86_64-linux-gnu/libncurses.so.6.4)
==170181==    by 0x487CBA9: prefresh (in /usr/lib/x86_64-linux-gnu/libncurses.so.6.4)
==170181==    by 0x10E9FA: refresh_processes_pad (index.c:107)
==170181==    by 0x10EA8E: handle_manual_process_selection (index.c:130)
==170181==    by 0x10E35E: show_processes (index.c:49)
==170181==    by 0x10B59D: redraw_screen (render.c:22)
==170181==    by 0x10B659: render_routine (render.c:51)
==170181==    by 0x49541F4: start_thread (pthread_create.c:442)
==170181==    by 0x49D3B3F: clone (clone.S:100)
==170181== 
==170181== Conditional jump or move depends on uninitialised value(s)
==170181==    at 0x487CA99: pnoutrefresh (in /usr/lib/x86_64-linux-gnu/libncurses.so.6.4)
==170181==    by 0x487CBA9: prefresh (in /usr/lib/x86_64-linux-gnu/libncurses.so.6.4)
==170181==    by 0x10E9FA: refresh_processes_pad (index.c:107)
==170181==    by 0x10EA8E: handle_manual_process_selection (index.c:130)
==170181==    by 0x10E35E: show_processes (index.c:49)
==170181==    by 0x10B59D: redraw_screen (render.c:22)
==170181==    by 0x10B659: render_routine (render.c:51)
==170181==    by 0x49541F4: start_thread (pthread_create.c:442)
==170181==    by 0x49D3B3F: clone (clone.S:100)
==170181== 
==170181== Conditional jump or move depends on uninitialised value(s)
==170181==    at 0x487CA9E: pnoutrefresh (in /usr/lib/x86_64-linux-gnu/libncurses.so.6.4)
==170181==    by 0x487CBA9: prefresh (in /usr/lib/x86_64-linux-gnu/libncurses.so.6.4)
==170181==    by 0x10E9FA: refresh_processes_pad (index.c:107)
==170181==    by 0x10EA8E: handle_manual_process_selection (index.c:130)
==170181==    by 0x10E35E: show_processes (index.c:49)
==170181==    by 0x10B59D: redraw_screen (render.c:22)
==170181==    by 0x10B659: render_routine (render.c:51)
==170181==    by 0x49541F4: start_thread (pthread_create.c:442)
==170181==    by 0x49D3B3F: clone (clone.S:100)
==170181== 
==170181== Conditional jump or move depends on uninitialised value(s)
==170181==    at 0x487B5B6: ??? (in /usr/lib/x86_64-linux-gnu/libncurses.so.6.4)
==170181==    by 0x4886F6F: doupdate_sp (in /usr/lib/x86_64-linux-gnu/libncurses.so.6.4)
==170181==    by 0x487CBB8: prefresh (in /usr/lib/x86_64-linux-gnu/libncurses.so.6.4)
==170181==    by 0x10E9FA: refresh_processes_pad (index.c:107)
==170181==    by 0x10EA8E: handle_manual_process_selection (index.c:130)
==170181==    by 0x10E35E: show_processes (index.c:49)
==170181==    by 0x10B59D: redraw_screen (render.c:22)
==170181==    by 0x10B659: render_routine (render.c:51)
==170181==    by 0x49541F4: start_thread (pthread_create.c:442)
==170181==    by 0x49D3B3F: clone (clone.S:100)
==170181== 
==170181== Conditional jump or move depends on uninitialised value(s)
==170181==    at 0x487C8E2: pnoutrefresh (in /usr/lib/x86_64-linux-gnu/libncurses.so.6.4)
==170181==    by 0x487CBA9: prefresh (in /usr/lib/x86_64-linux-gnu/libncurses.so.6.4)
==170181==    by 0x10E9FA: refresh_processes_pad (index.c:107)
==170181==    by 0x10B5FF: redraw_screen (render.c:32)
==170181==    by 0x10B659: render_routine (render.c:51)
==170181==    by 0x49541F4: start_thread (pthread_create.c:442)
==170181==    by 0x49D3B3F: clone (clone.S:100)
==170181== 
==170181== Conditional jump or move depends on uninitialised value(s)
==170181==    at 0x487C9C1: pnoutrefresh (in /usr/lib/x86_64-linux-gnu/libncurses.so.6.4)
==170181==    by 0x487CBA9: prefresh (in /usr/lib/x86_64-linux-gnu/libncurses.so.6.4)
==170181==    by 0x10E9FA: refresh_processes_pad (index.c:107)
==170181==    by 0x10B5FF: redraw_screen (render.c:32)
==170181==    by 0x10B659: render_routine (render.c:51)
==170181==    by 0x49541F4: start_thread (pthread_create.c:442)
==170181==    by 0x49D3B3F: clone (clone.S:100)
==170181== 
==170181== Use of uninitialised value of size 8
==170181==    at 0x487C9D5: pnoutrefresh (in /usr/lib/x86_64-linux-gnu/libncurses.so.6.4)
==170181==    by 0x487CBA9: prefresh (in /usr/lib/x86_64-linux-gnu/libncurses.so.6.4)
==170181==    by 0x10E9FA: refresh_processes_pad (index.c:107)
==170181==    by 0x10B5FF: redraw_screen (render.c:32)
==170181==    by 0x10B659: render_routine (render.c:51)
==170181==    by 0x49541F4: start_thread (pthread_create.c:442)
==170181==    by 0x49D3B3F: clone (clone.S:100)
==170181== 
==170181== Conditional jump or move depends on uninitialised value(s)
==170181==    at 0x487CA2A: pnoutrefresh (in /usr/lib/x86_64-linux-gnu/libncurses.so.6.4)
==170181==    by 0x487CBA9: prefresh (in /usr/lib/x86_64-linux-gnu/libncurses.so.6.4)
==170181==    by 0x10E9FA: refresh_processes_pad (index.c:107)
==170181==    by 0x10B5FF: redraw_screen (render.c:32)
==170181==    by 0x10B659: render_routine (render.c:51)
==170181==    by 0x49541F4: start_thread (pthread_create.c:442)
==170181==    by 0x49D3B3F: clone (clone.S:100)
==170181== 
==170181== Use of uninitialised value of size 8
==170181==    at 0x487C9FC: pnoutrefresh (in /usr/lib/x86_64-linux-gnu/libncurses.so.6.4)
==170181==    by 0x487CBA9: prefresh (in /usr/lib/x86_64-linux-gnu/libncurses.so.6.4)
==170181==    by 0x10E9FA: refresh_processes_pad (index.c:107)
==170181==    by 0x10B5FF: redraw_screen (render.c:32)
==170181==    by 0x10B659: render_routine (render.c:51)
==170181==    by 0x49541F4: start_thread (pthread_create.c:442)
==170181==    by 0x49D3B3F: clone (clone.S:100)
==170181== 
==170181== Conditional jump or move depends on uninitialised value(s)
==170181==    at 0x487C9FA: pnoutrefresh (in /usr/lib/x86_64-linux-gnu/libncurses.so.6.4)
==170181==    by 0x487CBA9: prefresh (in /usr/lib/x86_64-linux-gnu/libncurses.so.6.4)
==170181==    by 0x10E9FA: refresh_processes_pad (index.c:107)
==170181==    by 0x10B5FF: redraw_screen (render.c:32)
==170181==    by 0x10B659: render_routine (render.c:51)
==170181==    by 0x49541F4: start_thread (pthread_create.c:442)
==170181==    by 0x49D3B3F: clone (clone.S:100)
==170181== 
==170181== Thread 3:
==170181== Conditional jump or move depends on uninitialised value(s)
==170181==    at 0x487A9B8: ??? (in /usr/lib/x86_64-linux-gnu/libncurses.so.6.4)
==170181==    by 0x487B5E4: ??? (in /usr/lib/x86_64-linux-gnu/libncurses.so.6.4)
==170181==    by 0x4886F6F: doupdate_sp (in /usr/lib/x86_64-linux-gnu/libncurses.so.6.4)
==170181==    by 0x487CBB8: prefresh (in /usr/lib/x86_64-linux-gnu/libncurses.so.6.4)
==170181==    by 0x10E9FA: refresh_processes_pad (index.c:107)
==170181==    by 0x10EA8E: handle_manual_process_selection (index.c:130)
==170181==    by 0x10C4D7: interactivity_routine (interactivity.c:102)
==170181==    by 0x49541F4: start_thread (pthread_create.c:442)
==170181==    by 0x49D3B3F: clone (clone.S:100)
==170181== 
==170181== Conditional jump or move depends on uninitialised value(s)
==170181==    at 0x4928027: __vfprintf_internal (vfprintf-process-arg.c:58)
==170181==    by 0x49432F6: __vsprintf_internal (iovsprintf.c:96)
==170181==    by 0x49E182C: __sprintf_chk (sprintf_chk.c:40)
==170181==    by 0x48AB975: _nc_tiparm (in /usr/lib/x86_64-linux-gnu/libtinfo.so.6.4)
==170181==    by 0x487A3F2: ??? (in /usr/lib/x86_64-linux-gnu/libncurses.so.6.4)
==170181==    by 0x487AAC0: ??? (in /usr/lib/x86_64-linux-gnu/libncurses.so.6.4)
==170181==    by 0x487B5E4: ??? (in /usr/lib/x86_64-linux-gnu/libncurses.so.6.4)
==170181==    by 0x4886F6F: doupdate_sp (in /usr/lib/x86_64-linux-gnu/libncurses.so.6.4)
==170181==    by 0x487CBB8: prefresh (in /usr/lib/x86_64-linux-gnu/libncurses.so.6.4)
==170181==    by 0x10E9FA: refresh_processes_pad (index.c:107)
==170181==    by 0x10EA8E: handle_manual_process_selection (index.c:130)
==170181==    by 0x10C4D7: interactivity_routine (interactivity.c:102)
==170181== 
==170181== Use of uninitialised value of size 8
==170181==    at 0x491CAAB: _itoa_word (_itoa.c:177)
==170181==    by 0x4927E58: __vfprintf_internal (vfprintf-process-arg.c:164)
==170181==    by 0x49432F6: __vsprintf_internal (iovsprintf.c:96)
==170181==    by 0x49E182C: __sprintf_chk (sprintf_chk.c:40)
==170181==    by 0x48AB975: _nc_tiparm (in /usr/lib/x86_64-linux-gnu/libtinfo.so.6.4)
==170181==    by 0x487A3F2: ??? (in /usr/lib/x86_64-linux-gnu/libncurses.so.6.4)
==170181==    by 0x487AAC0: ??? (in /usr/lib/x86_64-linux-gnu/libncurses.so.6.4)
==170181==    by 0x487B5E4: ??? (in /usr/lib/x86_64-linux-gnu/libncurses.so.6.4)
==170181==    by 0x4886F6F: doupdate_sp (in /usr/lib/x86_64-linux-gnu/libncurses.so.6.4)
==170181==    by 0x487CBB8: prefresh (in /usr/lib/x86_64-linux-gnu/libncurses.so.6.4)
==170181==    by 0x10E9FA: refresh_processes_pad (index.c:107)
==170181==    by 0x10EA8E: handle_manual_process_selection (index.c:130)
==170181== 
==170181== Conditional jump or move depends on uninitialised value(s)
==170181==    at 0x491CABC: _itoa_word (_itoa.c:177)
==170181==    by 0x4927E58: __vfprintf_internal (vfprintf-process-arg.c:164)
==170181==    by 0x49432F6: __vsprintf_internal (iovsprintf.c:96)
==170181==    by 0x49E182C: __sprintf_chk (sprintf_chk.c:40)
==170181==    by 0x48AB975: _nc_tiparm (in /usr/lib/x86_64-linux-gnu/libtinfo.so.6.4)
==170181==    by 0x487A3F2: ??? (in /usr/lib/x86_64-linux-gnu/libncurses.so.6.4)
==170181==    by 0x487AAC0: ??? (in /usr/lib/x86_64-linux-gnu/libncurses.so.6.4)
==170181==    by 0x487B5E4: ??? (in /usr/lib/x86_64-linux-gnu/libncurses.so.6.4)
==170181==    by 0x4886F6F: doupdate_sp (in /usr/lib/x86_64-linux-gnu/libncurses.so.6.4)
==170181==    by 0x487CBB8: prefresh (in /usr/lib/x86_64-linux-gnu/libncurses.so.6.4)
==170181==    by 0x10E9FA: refresh_processes_pad (index.c:107)
==170181==    by 0x10EA8E: handle_manual_process_selection (index.c:130)
==170181== 
==170181== Conditional jump or move depends on uninitialised value(s)
==170181==    at 0x49286F6: __vfprintf_internal (vfprintf-process-arg.c:174)
==170181==    by 0x49432F6: __vsprintf_internal (iovsprintf.c:96)
==170181==    by 0x49E182C: __sprintf_chk (sprintf_chk.c:40)
==170181==    by 0x48AB975: _nc_tiparm (in /usr/lib/x86_64-linux-gnu/libtinfo.so.6.4)
==170181==    by 0x487A3F2: ??? (in /usr/lib/x86_64-linux-gnu/libncurses.so.6.4)
==170181==    by 0x487AAC0: ??? (in /usr/lib/x86_64-linux-gnu/libncurses.so.6.4)
==170181==    by 0x487B5E4: ??? (in /usr/lib/x86_64-linux-gnu/libncurses.so.6.4)
==170181==    by 0x4886F6F: doupdate_sp (in /usr/lib/x86_64-linux-gnu/libncurses.so.6.4)
==170181==    by 0x487CBB8: prefresh (in /usr/lib/x86_64-linux-gnu/libncurses.so.6.4)
==170181==    by 0x10E9FA: refresh_processes_pad (index.c:107)
==170181==    by 0x10EA8E: handle_manual_process_selection (index.c:130)
==170181==    by 0x10C4D7: interactivity_routine (interactivity.c:102)
==170181== 
==170181== Conditional jump or move depends on uninitialised value(s)
==170181==    at 0x487A447: ??? (in /usr/lib/x86_64-linux-gnu/libncurses.so.6.4)
==170181==    by 0x487AAC0: ??? (in /usr/lib/x86_64-linux-gnu/libncurses.so.6.4)
==170181==    by 0x487B5E4: ??? (in /usr/lib/x86_64-linux-gnu/libncurses.so.6.4)
==170181==    by 0x4886F6F: doupdate_sp (in /usr/lib/x86_64-linux-gnu/libncurses.so.6.4)
==170181==    by 0x487CBB8: prefresh (in /usr/lib/x86_64-linux-gnu/libncurses.so.6.4)
==170181==    by 0x10E9FA: refresh_processes_pad (index.c:107)
==170181==    by 0x10EA8E: handle_manual_process_selection (index.c:130)
==170181==    by 0x10C4D7: interactivity_routine (interactivity.c:102)
==170181==    by 0x49541F4: start_thread (pthread_create.c:442)
==170181==    by 0x49D3B3F: clone (clone.S:100)
==170181== 
==170181== Conditional jump or move depends on uninitialised value(s)
==170181==    at 0x487A452: ??? (in /usr/lib/x86_64-linux-gnu/libncurses.so.6.4)
==170181==    by 0x487AAC0: ??? (in /usr/lib/x86_64-linux-gnu/libncurses.so.6.4)
==170181==    by 0x487B5E4: ??? (in /usr/lib/x86_64-linux-gnu/libncurses.so.6.4)
==170181==    by 0x4886F6F: doupdate_sp (in /usr/lib/x86_64-linux-gnu/libncurses.so.6.4)
==170181==    by 0x487CBB8: prefresh (in /usr/lib/x86_64-linux-gnu/libncurses.so.6.4)
==170181==    by 0x10E9FA: refresh_processes_pad (index.c:107)
==170181==    by 0x10EA8E: handle_manual_process_selection (index.c:130)
==170181==    by 0x10C4D7: interactivity_routine (interactivity.c:102)
==170181==    by 0x49541F4: start_thread (pthread_create.c:442)
==170181==    by 0x49D3B3F: clone (clone.S:100)
==170181== 
==170181== Conditional jump or move depends on uninitialised value(s)
==170181==    at 0x487A470: ??? (in /usr/lib/x86_64-linux-gnu/libncurses.so.6.4)
==170181==    by 0x487AAC0: ??? (in /usr/lib/x86_64-linux-gnu/libncurses.so.6.4)
==170181==    by 0x487B5E4: ??? (in /usr/lib/x86_64-linux-gnu/libncurses.so.6.4)
==170181==    by 0x4886F6F: doupdate_sp (in /usr/lib/x86_64-linux-gnu/libncurses.so.6.4)
==170181==    by 0x487CBB8: prefresh (in /usr/lib/x86_64-linux-gnu/libncurses.so.6.4)
==170181==    by 0x10E9FA: refresh_processes_pad (index.c:107)
==170181==    by 0x10EA8E: handle_manual_process_selection (index.c:130)
==170181==    by 0x10C4D7: interactivity_routine (interactivity.c:102)
==170181==    by 0x49541F4: start_thread (pthread_create.c:442)
==170181==    by 0x49D3B3F: clone (clone.S:100)
==170181== 
==170181== Invalid read of size 8
==170181==    at 0x48A4585: _nc_screen_of (in /usr/lib/x86_64-linux-gnu/libtinfo.so.6.4)
==170181==    by 0x48C6601: del_panel (in /usr/lib/x86_64-linux-gnu/libpanel.so.6.4)
==170181==    by 0x10A879: cleanup_context (index.c:48)
==170181==    by 0x10C605: interactivity_routine (interactivity.c:134)
==170181==    by 0x49541F4: start_thread (pthread_create.c:442)
==170181==    by 0x49D3B3F: clone (clone.S:100)
==170181==  Address 0x4b51bb8 is 8 bytes inside a block of size 104 free'd
==170181==    at 0x484417B: free (vg_replace_malloc.c:872)
==170181==    by 0x487BE3D: ??? (in /usr/lib/x86_64-linux-gnu/libncurses.so.6.4)
==170181==    by 0x10A866: cleanup_context (index.c:47)
==170181==    by 0x10C605: interactivity_routine (interactivity.c:134)
==170181==    by 0x49541F4: start_thread (pthread_create.c:442)
==170181==    by 0x49D3B3F: clone (clone.S:100)
==170181==  Block was alloc'd at
==170181==    at 0x48465EF: calloc (vg_replace_malloc.c:1328)
==170181==    by 0x487BF3A: ??? (in /usr/lib/x86_64-linux-gnu/libncurses.so.6.4)
==170181==    by 0x487C121: newwin_sp (in /usr/lib/x86_64-linux-gnu/libncurses.so.6.4)
==170181==    by 0x10AF41: initialize_context (index.c:143)
==170181==    by 0x10A611: main (main.c:13)
==170181== 
==170181== Invalid read of size 2
==170181==    at 0x48C6626: del_panel (in /usr/lib/x86_64-linux-gnu/libpanel.so.6.4)
==170181==    by 0x10A879: cleanup_context (index.c:48)
==170181==    by 0x10C605: interactivity_routine (interactivity.c:134)
==170181==    by 0x49541F4: start_thread (pthread_create.c:442)
==170181==    by 0x49D3B3F: clone (clone.S:100)
==170181==  Address 0x4b51bc4 is 20 bytes inside a block of size 104 free'd
==170181==    at 0x484417B: free (vg_replace_malloc.c:872)
==170181==    by 0x487BE3D: ??? (in /usr/lib/x86_64-linux-gnu/libncurses.so.6.4)
==170181==    by 0x10A866: cleanup_context (index.c:47)
==170181==    by 0x10C605: interactivity_routine (interactivity.c:134)
==170181==    by 0x49541F4: start_thread (pthread_create.c:442)
==170181==    by 0x49D3B3F: clone (clone.S:100)
==170181==  Block was alloc'd at
==170181==    at 0x48465EF: calloc (vg_replace_malloc.c:1328)
==170181==    by 0x487BF3A: ??? (in /usr/lib/x86_64-linux-gnu/libncurses.so.6.4)
==170181==    by 0x487C121: newwin_sp (in /usr/lib/x86_64-linux-gnu/libncurses.so.6.4)
==170181==    by 0x10AF41: initialize_context (index.c:143)
==170181==    by 0x10A611: main (main.c:13)
==170181== 
==170181== Invalid read of size 2
==170181==    at 0x4880F10: wtouchln (in /usr/lib/x86_64-linux-gnu/libncurses.so.6.4)
==170181==    by 0x48C6638: del_panel (in /usr/lib/x86_64-linux-gnu/libpanel.so.6.4)
==170181==    by 0x10A879: cleanup_context (index.c:48)
==170181==    by 0x10C605: interactivity_routine (interactivity.c:134)
==170181==    by 0x49541F4: start_thread (pthread_create.c:442)
==170181==    by 0x49D3B3F: clone (clone.S:100)
==170181==  Address 0x4b51bc4 is 20 bytes inside a block of size 104 free'd
==170181==    at 0x484417B: free (vg_replace_malloc.c:872)
==170181==    by 0x487BE3D: ??? (in /usr/lib/x86_64-linux-gnu/libncurses.so.6.4)
==170181==    by 0x10A866: cleanup_context (index.c:47)
==170181==    by 0x10C605: interactivity_routine (interactivity.c:134)
==170181==    by 0x49541F4: start_thread (pthread_create.c:442)
==170181==    by 0x49D3B3F: clone (clone.S:100)
==170181==  Block was alloc'd at
==170181==    at 0x48465EF: calloc (vg_replace_malloc.c:1328)
==170181==    by 0x487BF3A: ??? (in /usr/lib/x86_64-linux-gnu/libncurses.so.6.4)
==170181==    by 0x487C121: newwin_sp (in /usr/lib/x86_64-linux-gnu/libncurses.so.6.4)
==170181==    by 0x10AF41: initialize_context (index.c:143)
==170181==    by 0x10A611: main (main.c:13)
==170181== 
==170181== Invalid read of size 8
==170181==    at 0x4880F25: wtouchln (in /usr/lib/x86_64-linux-gnu/libncurses.so.6.4)
==170181==    by 0x48C6638: del_panel (in /usr/lib/x86_64-linux-gnu/libpanel.so.6.4)
==170181==    by 0x10A879: cleanup_context (index.c:48)
==170181==    by 0x10C605: interactivity_routine (interactivity.c:134)
==170181==    by 0x49541F4: start_thread (pthread_create.c:442)
==170181==    by 0x49D3B3F: clone (clone.S:100)
==170181==  Address 0x4b51be8 is 56 bytes inside a block of size 104 free'd
==170181==    at 0x484417B: free (vg_replace_malloc.c:872)
==170181==    by 0x487BE3D: ??? (in /usr/lib/x86_64-linux-gnu/libncurses.so.6.4)
==170181==    by 0x10A866: cleanup_context (index.c:47)
==170181==    by 0x10C605: interactivity_routine (interactivity.c:134)
==170181==    by 0x49541F4: start_thread (pthread_create.c:442)
==170181==    by 0x49D3B3F: clone (clone.S:100)
==170181==  Block was alloc'd at
==170181==    at 0x48465EF: calloc (vg_replace_malloc.c:1328)
==170181==    by 0x487BF3A: ??? (in /usr/lib/x86_64-linux-gnu/libncurses.so.6.4)
==170181==    by 0x487C121: newwin_sp (in /usr/lib/x86_64-linux-gnu/libncurses.so.6.4)
==170181==    by 0x10AF41: initialize_context (index.c:143)
==170181==    by 0x10A611: main (main.c:13)
==170181== 
==170181== Invalid write of size 2
==170181==    at 0x4880F39: wtouchln (in /usr/lib/x86_64-linux-gnu/libncurses.so.6.4)
==170181==    by 0x48C6638: del_panel (in /usr/lib/x86_64-linux-gnu/libpanel.so.6.4)
==170181==    by 0x10A879: cleanup_context (index.c:48)
==170181==    by 0x10C605: interactivity_routine (interactivity.c:134)
==170181==    by 0x49541F4: start_thread (pthread_create.c:442)
==170181==    by 0x49D3B3F: clone (clone.S:100)
==170181==  Address 0x4b51c68 is 8 bytes inside a block of size 240 free'd
==170181==    at 0x484417B: free (vg_replace_malloc.c:872)
==170181==    by 0x487BE35: ??? (in /usr/lib/x86_64-linux-gnu/libncurses.so.6.4)
==170181==    by 0x10A866: cleanup_context (index.c:47)
==170181==    by 0x10C605: interactivity_routine (interactivity.c:134)
==170181==    by 0x49541F4: start_thread (pthread_create.c:442)
==170181==    by 0x49D3B3F: clone (clone.S:100)
==170181==  Block was alloc'd at
==170181==    at 0x48465EF: calloc (vg_replace_malloc.c:1328)
==170181==    by 0x487BF59: ??? (in /usr/lib/x86_64-linux-gnu/libncurses.so.6.4)
==170181==    by 0x487C121: newwin_sp (in /usr/lib/x86_64-linux-gnu/libncurses.so.6.4)
==170181==    by 0x10AF41: initialize_context (index.c:143)
==170181==    by 0x10A611: main (main.c:13)
==170181== 
==170181== Invalid read of size 2
==170181==    at 0x4880F3D: wtouchln (in /usr/lib/x86_64-linux-gnu/libncurses.so.6.4)
==170181==    by 0x48C6638: del_panel (in /usr/lib/x86_64-linux-gnu/libpanel.so.6.4)
==170181==    by 0x10A879: cleanup_context (index.c:48)
==170181==    by 0x10C605: interactivity_routine (interactivity.c:134)
==170181==    by 0x49541F4: start_thread (pthread_create.c:442)
==170181==    by 0x49D3B3F: clone (clone.S:100)
==170181==  Address 0x4b51bc6 is 22 bytes inside a block of size 104 free'd
==170181==    at 0x484417B: free (vg_replace_malloc.c:872)
==170181==    by 0x487BE3D: ??? (in /usr/lib/x86_64-linux-gnu/libncurses.so.6.4)
==170181==    by 0x10A866: cleanup_context (index.c:47)
==170181==    by 0x10C605: interactivity_routine (interactivity.c:134)
==170181==    by 0x49541F4: start_thread (pthread_create.c:442)
==170181==    by 0x49D3B3F: clone (clone.S:100)
==170181==  Block was alloc'd at
==170181==    at 0x48465EF: calloc (vg_replace_malloc.c:1328)
==170181==    by 0x487BF3A: ??? (in /usr/lib/x86_64-linux-gnu/libncurses.so.6.4)
==170181==    by 0x487C121: newwin_sp (in /usr/lib/x86_64-linux-gnu/libncurses.so.6.4)
==170181==    by 0x10AF41: initialize_context (index.c:143)
==170181==    by 0x10A611: main (main.c:13)
==170181== 
==170181== Invalid write of size 2
==170181==    at 0x4880F42: wtouchln (in /usr/lib/x86_64-linux-gnu/libncurses.so.6.4)
==170181==    by 0x48C6638: del_panel (in /usr/lib/x86_64-linux-gnu/libpanel.so.6.4)
==170181==    by 0x10A879: cleanup_context (index.c:48)
==170181==    by 0x10C605: interactivity_routine (interactivity.c:134)
==170181==    by 0x49541F4: start_thread (pthread_create.c:442)
==170181==    by 0x49D3B3F: clone (clone.S:100)
==170181==  Address 0x4b51c6a is 10 bytes inside a block of size 240 free'd
==170181==    at 0x484417B: free (vg_replace_malloc.c:872)
==170181==    by 0x487BE35: ??? (in /usr/lib/x86_64-linux-gnu/libncurses.so.6.4)
==170181==    by 0x10A866: cleanup_context (index.c:47)
==170181==    by 0x10C605: interactivity_routine (interactivity.c:134)
==170181==    by 0x49541F4: start_thread (pthread_create.c:442)
==170181==    by 0x49D3B3F: clone (clone.S:100)
==170181==  Block was alloc'd at
==170181==    at 0x48465EF: calloc (vg_replace_malloc.c:1328)
==170181==    by 0x487BF59: ??? (in /usr/lib/x86_64-linux-gnu/libncurses.so.6.4)
==170181==    by 0x487C121: newwin_sp (in /usr/lib/x86_64-linux-gnu/libncurses.so.6.4)
==170181==    by 0x10AF41: initialize_context (index.c:143)
==170181==    by 0x10A611: main (main.c:13)
==170181== 
==170181== Invalid read of size 2
==170181==    at 0x48C6670: del_panel (in /usr/lib/x86_64-linux-gnu/libpanel.so.6.4)
==170181==    by 0x10A879: cleanup_context (index.c:48)
==170181==    by 0x10C605: interactivity_routine (interactivity.c:134)
==170181==    by 0x49541F4: start_thread (pthread_create.c:442)
==170181==    by 0x49D3B3F: clone (clone.S:100)
==170181==  Address 0x4b51bc8 is 24 bytes inside a block of size 104 free'd
==170181==    at 0x484417B: free (vg_replace_malloc.c:872)
==170181==    by 0x487BE3D: ??? (in /usr/lib/x86_64-linux-gnu/libncurses.so.6.4)
==170181==    by 0x10A866: cleanup_context (index.c:47)
==170181==    by 0x10C605: interactivity_routine (interactivity.c:134)
==170181==    by 0x49541F4: start_thread (pthread_create.c:442)
==170181==    by 0x49D3B3F: clone (clone.S:100)
==170181==  Block was alloc'd at
==170181==    at 0x48465EF: calloc (vg_replace_malloc.c:1328)
==170181==    by 0x487BF3A: ??? (in /usr/lib/x86_64-linux-gnu/libncurses.so.6.4)
==170181==    by 0x487C121: newwin_sp (in /usr/lib/x86_64-linux-gnu/libncurses.so.6.4)
==170181==    by 0x10AF41: initialize_context (index.c:143)
==170181==    by 0x10A611: main (main.c:13)
==170181== 
==170181== Invalid read of size 2
==170181==    at 0x48C667B: del_panel (in /usr/lib/x86_64-linux-gnu/libpanel.so.6.4)
==170181==    by 0x10A879: cleanup_context (index.c:48)
==170181==    by 0x10C605: interactivity_routine (interactivity.c:134)
==170181==    by 0x49541F4: start_thread (pthread_create.c:442)
==170181==    by 0x49D3B3F: clone (clone.S:100)
==170181==  Address 0x4b51bc4 is 20 bytes inside a block of size 104 free'd
==170181==    at 0x484417B: free (vg_replace_malloc.c:872)
==170181==    by 0x487BE3D: ??? (in /usr/lib/x86_64-linux-gnu/libncurses.so.6.4)
==170181==    by 0x10A866: cleanup_context (index.c:47)
==170181==    by 0x10C605: interactivity_routine (interactivity.c:134)
==170181==    by 0x49541F4: start_thread (pthread_create.c:442)
==170181==    by 0x49D3B3F: clone (clone.S:100)
==170181==  Block was alloc'd at
==170181==    at 0x48465EF: calloc (vg_replace_malloc.c:1328)
==170181==    by 0x487BF3A: ??? (in /usr/lib/x86_64-linux-gnu/libncurses.so.6.4)
==170181==    by 0x487C121: newwin_sp (in /usr/lib/x86_64-linux-gnu/libncurses.so.6.4)
==170181==    by 0x10AF41: initialize_context (index.c:143)
==170181==    by 0x10A611: main (main.c:13)
==170181== 
==170181== Invalid read of size 2
==170181==    at 0x48C6696: del_panel (in /usr/lib/x86_64-linux-gnu/libpanel.so.6.4)
==170181==    by 0x10A879: cleanup_context (index.c:48)
==170181==    by 0x10C605: interactivity_routine (interactivity.c:134)
==170181==    by 0x49541F4: start_thread (pthread_create.c:442)
==170181==    by 0x49D3B3F: clone (clone.S:100)
==170181==  Address 0x4b51bca is 26 bytes inside a block of size 104 free'd
==170181==    at 0x484417B: free (vg_replace_malloc.c:872)
==170181==    by 0x487BE3D: ??? (in /usr/lib/x86_64-linux-gnu/libncurses.so.6.4)
==170181==    by 0x10A866: cleanup_context (index.c:47)
==170181==    by 0x10C605: interactivity_routine (interactivity.c:134)
==170181==    by 0x49541F4: start_thread (pthread_create.c:442)
==170181==    by 0x49D3B3F: clone (clone.S:100)
==170181==  Block was alloc'd at
==170181==    at 0x48465EF: calloc (vg_replace_malloc.c:1328)
==170181==    by 0x487BF3A: ??? (in /usr/lib/x86_64-linux-gnu/libncurses.so.6.4)
==170181==    by 0x487C121: newwin_sp (in /usr/lib/x86_64-linux-gnu/libncurses.so.6.4)
==170181==    by 0x10AF41: initialize_context (index.c:143)
==170181==    by 0x10A611: main (main.c:13)
==170181== 
==170181== Invalid read of size 2
==170181==    at 0x48C66A4: del_panel (in /usr/lib/x86_64-linux-gnu/libpanel.so.6.4)
==170181==    by 0x10A879: cleanup_context (index.c:48)
==170181==    by 0x10C605: interactivity_routine (interactivity.c:134)
==170181==    by 0x49541F4: start_thread (pthread_create.c:442)
==170181==    by 0x49D3B3F: clone (clone.S:100)
==170181==  Address 0x4b51bc6 is 22 bytes inside a block of size 104 free'd
==170181==    at 0x484417B: free (vg_replace_malloc.c:872)
==170181==    by 0x487BE3D: ??? (in /usr/lib/x86_64-linux-gnu/libncurses.so.6.4)
==170181==    by 0x10A866: cleanup_context (index.c:47)
==170181==    by 0x10C605: interactivity_routine (interactivity.c:134)
==170181==    by 0x49541F4: start_thread (pthread_create.c:442)
==170181==    by 0x49D3B3F: clone (clone.S:100)
==170181==  Block was alloc'd at
==170181==    at 0x48465EF: calloc (vg_replace_malloc.c:1328)
==170181==    by 0x487BF3A: ??? (in /usr/lib/x86_64-linux-gnu/libncurses.so.6.4)
==170181==    by 0x487C121: newwin_sp (in /usr/lib/x86_64-linux-gnu/libncurses.so.6.4)
==170181==    by 0x10AF41: initialize_context (index.c:143)
==170181==    by 0x10A611: main (main.c:13)
==170181== 
==170181== Invalid read of size 2
==170181==    at 0x48C6814: del_panel (in /usr/lib/x86_64-linux-gnu/libpanel.so.6.4)
==170181==    by 0x10A879: cleanup_context (index.c:48)
==170181==    by 0x10C605: interactivity_routine (interactivity.c:134)
==170181==    by 0x49541F4: start_thread (pthread_create.c:442)
==170181==    by 0x49D3B3F: clone (clone.S:100)
==170181==  Address 0x4b51bc8 is 24 bytes inside a block of size 104 free'd
==170181==    at 0x484417B: free (vg_replace_malloc.c:872)
==170181==    by 0x487BE3D: ??? (in /usr/lib/x86_64-linux-gnu/libncurses.so.6.4)
==170181==    by 0x10A866: cleanup_context (index.c:47)
==170181==    by 0x10C605: interactivity_routine (interactivity.c:134)
==170181==    by 0x49541F4: start_thread (pthread_create.c:442)
==170181==    by 0x49D3B3F: clone (clone.S:100)
==170181==  Block was alloc'd at
==170181==    at 0x48465EF: calloc (vg_replace_malloc.c:1328)
==170181==    by 0x487BF3A: ??? (in /usr/lib/x86_64-linux-gnu/libncurses.so.6.4)
==170181==    by 0x487C121: newwin_sp (in /usr/lib/x86_64-linux-gnu/libncurses.so.6.4)
==170181==    by 0x10AF41: initialize_context (index.c:143)
==170181==    by 0x10A611: main (main.c:13)
==170181== 
==170181== Invalid read of size 2
==170181==    at 0x48C681D: del_panel (in /usr/lib/x86_64-linux-gnu/libpanel.so.6.4)
==170181==    by 0x10A879: cleanup_context (index.c:48)
==170181==    by 0x10C605: interactivity_routine (interactivity.c:134)
==170181==    by 0x49541F4: start_thread (pthread_create.c:442)
==170181==    by 0x49D3B3F: clone (clone.S:100)
==170181==  Address 0x4b51bc4 is 20 bytes inside a block of size 104 free'd
==170181==    at 0x484417B: free (vg_replace_malloc.c:872)
==170181==    by 0x487BE3D: ??? (in /usr/lib/x86_64-linux-gnu/libncurses.so.6.4)
==170181==    by 0x10A866: cleanup_context (index.c:47)
==170181==    by 0x10C605: interactivity_routine (interactivity.c:134)
==170181==    by 0x49541F4: start_thread (pthread_create.c:442)
==170181==    by 0x49D3B3F: clone (clone.S:100)
==170181==  Block was alloc'd at
==170181==    at 0x48465EF: calloc (vg_replace_malloc.c:1328)
==170181==    by 0x487BF3A: ??? (in /usr/lib/x86_64-linux-gnu/libncurses.so.6.4)
==170181==    by 0x487C121: newwin_sp (in /usr/lib/x86_64-linux-gnu/libncurses.so.6.4)
==170181==    by 0x10AF41: initialize_context (index.c:143)
==170181==    by 0x10A611: main (main.c:13)
==170181== 
==170181== Invalid read of size 2
==170181==    at 0x4880E85: is_linetouched (in /usr/lib/x86_64-linux-gnu/libncurses.so.6.4)
==170181==    by 0x48C6840: del_panel (in /usr/lib/x86_64-linux-gnu/libpanel.so.6.4)
==170181==    by 0x10A879: cleanup_context (index.c:48)
==170181==    by 0x10C605: interactivity_routine (interactivity.c:134)
==170181==    by 0x49541F4: start_thread (pthread_create.c:442)
==170181==    by 0x49D3B3F: clone (clone.S:100)
==170181==  Address 0x4b51bc4 is 20 bytes inside a block of size 104 free'd
==170181==    at 0x484417B: free (vg_replace_malloc.c:872)
==170181==    by 0x487BE3D: ??? (in /usr/lib/x86_64-linux-gnu/libncurses.so.6.4)
==170181==    by 0x10A866: cleanup_context (index.c:47)
==170181==    by 0x10C605: interactivity_routine (interactivity.c:134)
==170181==    by 0x49541F4: start_thread (pthread_create.c:442)
==170181==    by 0x49D3B3F: clone (clone.S:100)
==170181==  Block was alloc'd at
==170181==    at 0x48465EF: calloc (vg_replace_malloc.c:1328)
==170181==    by 0x487BF3A: ??? (in /usr/lib/x86_64-linux-gnu/libncurses.so.6.4)
==170181==    by 0x487C121: newwin_sp (in /usr/lib/x86_64-linux-gnu/libncurses.so.6.4)
==170181==    by 0x10AF41: initialize_context (index.c:143)
==170181==    by 0x10A611: main (main.c:13)
==170181== 
==170181== Invalid read of size 8
==170181==    at 0x4880E98: is_linetouched (in /usr/lib/x86_64-linux-gnu/libncurses.so.6.4)
==170181==    by 0x48C6840: del_panel (in /usr/lib/x86_64-linux-gnu/libpanel.so.6.4)
==170181==    by 0x10A879: cleanup_context (index.c:48)
==170181==    by 0x10C605: interactivity_routine (interactivity.c:134)
==170181==    by 0x49541F4: start_thread (pthread_create.c:442)
==170181==    by 0x49D3B3F: clone (clone.S:100)
==170181==  Address 0x4b51be8 is 56 bytes inside a block of size 104 free'd
==170181==    at 0x484417B: free (vg_replace_malloc.c:872)
==170181==    by 0x487BE3D: ??? (in /usr/lib/x86_64-linux-gnu/libncurses.so.6.4)
==170181==    by 0x10A866: cleanup_context (index.c:47)
==170181==    by 0x10C605: interactivity_routine (interactivity.c:134)
==170181==    by 0x49541F4: start_thread (pthread_create.c:442)
==170181==    by 0x49D3B3F: clone (clone.S:100)
==170181==  Block was alloc'd at
==170181==    at 0x48465EF: calloc (vg_replace_malloc.c:1328)
==170181==    by 0x487BF3A: ??? (in /usr/lib/x86_64-linux-gnu/libncurses.so.6.4)
==170181==    by 0x487C121: newwin_sp (in /usr/lib/x86_64-linux-gnu/libncurses.so.6.4)
==170181==    by 0x10AF41: initialize_context (index.c:143)
==170181==    by 0x10A611: main (main.c:13)
==170181== 
==170181== Invalid read of size 2
==170181==    at 0x4880E9C: is_linetouched (in /usr/lib/x86_64-linux-gnu/libncurses.so.6.4)
==170181==    by 0x48C6840: del_panel (in /usr/lib/x86_64-linux-gnu/libpanel.so.6.4)
==170181==    by 0x10A879: cleanup_context (index.c:48)
==170181==    by 0x10C605: interactivity_routine (interactivity.c:134)
==170181==    by 0x49541F4: start_thread (pthread_create.c:442)
==170181==    by 0x49D3B3F: clone (clone.S:100)
==170181==  Address 0x4b51c68 is 8 bytes inside a block of size 240 free'd
==170181==    at 0x484417B: free (vg_replace_malloc.c:872)
==170181==    by 0x487BE35: ??? (in /usr/lib/x86_64-linux-gnu/libncurses.so.6.4)
==170181==    by 0x10A866: cleanup_context (index.c:47)
==170181==    by 0x10C605: interactivity_routine (interactivity.c:134)
==170181==    by 0x49541F4: start_thread (pthread_create.c:442)
==170181==    by 0x49D3B3F: clone (clone.S:100)
==170181==  Block was alloc'd at
==170181==    at 0x48465EF: calloc (vg_replace_malloc.c:1328)
==170181==    by 0x487BF59: ??? (in /usr/lib/x86_64-linux-gnu/libncurses.so.6.4)
==170181==    by 0x487C121: newwin_sp (in /usr/lib/x86_64-linux-gnu/libncurses.so.6.4)
==170181==    by 0x10AF41: initialize_context (index.c:143)
==170181==    by 0x10A611: main (main.c:13)
==170181== 
==170181== Conditional jump or move depends on uninitialised value(s)
==170181==    at 0x487A9F0: ??? (in /usr/lib/x86_64-linux-gnu/libncurses.so.6.4)
==170181==    by 0x487B5E4: ??? (in /usr/lib/x86_64-linux-gnu/libncurses.so.6.4)
==170181==    by 0x48875AB: ??? (in /usr/lib/x86_64-linux-gnu/libncurses.so.6.4)
==170181==    by 0x487535D: endwin_sp (in /usr/lib/x86_64-linux-gnu/libncurses.so.6.4)
==170181==    by 0x10A89C: cleanup_context (index.c:53)
==170181==    by 0x10C605: interactivity_routine (interactivity.c:134)
==170181==    by 0x49541F4: start_thread (pthread_create.c:442)
==170181==    by 0x49D3B3F: clone (clone.S:100)
==170181== 
==170181== Conditional jump or move depends on uninitialised value(s)
==170181==    at 0x487A43E: ??? (in /usr/lib/x86_64-linux-gnu/libncurses.so.6.4)
==170181==    by 0x487AAC0: ??? (in /usr/lib/x86_64-linux-gnu/libncurses.so.6.4)
==170181==    by 0x487B5E4: ??? (in /usr/lib/x86_64-linux-gnu/libncurses.so.6.4)
==170181==    by 0x48875AB: ??? (in /usr/lib/x86_64-linux-gnu/libncurses.so.6.4)
==170181==    by 0x487535D: endwin_sp (in /usr/lib/x86_64-linux-gnu/libncurses.so.6.4)
==170181==    by 0x10A89C: cleanup_context (index.c:53)
==170181==    by 0x10C605: interactivity_routine (interactivity.c:134)
==170181==    by 0x49541F4: start_thread (pthread_create.c:442)
==170181==    by 0x49D3B3F: clone (clone.S:100)
==170181== 
==170181== Conditional jump or move depends on uninitialised value(s)
==170181==    at 0x4879D23: ??? (in /usr/lib/x86_64-linux-gnu/libncurses.so.6.4)
==170181==    by 0x487A4AE: ??? (in /usr/lib/x86_64-linux-gnu/libncurses.so.6.4)
==170181==    by 0x487AAC0: ??? (in /usr/lib/x86_64-linux-gnu/libncurses.so.6.4)
==170181==    by 0x487B5E4: ??? (in /usr/lib/x86_64-linux-gnu/libncurses.so.6.4)
==170181==    by 0x48875AB: ??? (in /usr/lib/x86_64-linux-gnu/libncurses.so.6.4)
==170181==    by 0x487535D: endwin_sp (in /usr/lib/x86_64-linux-gnu/libncurses.so.6.4)
==170181==    by 0x10A89C: cleanup_context (index.c:53)
==170181==    by 0x10C605: interactivity_routine (interactivity.c:134)
==170181==    by 0x49541F4: start_thread (pthread_create.c:442)
==170181==    by 0x49D3B3F: clone (clone.S:100)
==170181== 
==170181== Conditional jump or move depends on uninitialised value(s)
==170181==    at 0x4879D98: ??? (in /usr/lib/x86_64-linux-gnu/libncurses.so.6.4)
==170181==    by 0x487A4AE: ??? (in /usr/lib/x86_64-linux-gnu/libncurses.so.6.4)
==170181==    by 0x487AAC0: ??? (in /usr/lib/x86_64-linux-gnu/libncurses.so.6.4)
==170181==    by 0x487B5E4: ??? (in /usr/lib/x86_64-linux-gnu/libncurses.so.6.4)
==170181==    by 0x48875AB: ??? (in /usr/lib/x86_64-linux-gnu/libncurses.so.6.4)
==170181==    by 0x487535D: endwin_sp (in /usr/lib/x86_64-linux-gnu/libncurses.so.6.4)
==170181==    by 0x10A89C: cleanup_context (index.c:53)
==170181==    by 0x10C605: interactivity_routine (interactivity.c:134)
==170181==    by 0x49541F4: start_thread (pthread_create.c:442)
==170181==    by 0x49D3B3F: clone (clone.S:100)
==170181== 
==170181== Conditional jump or move depends on uninitialised value(s)
==170181==    at 0x4879FAF: ??? (in /usr/lib/x86_64-linux-gnu/libncurses.so.6.4)
==170181==    by 0x487A4AE: ??? (in /usr/lib/x86_64-linux-gnu/libncurses.so.6.4)
==170181==    by 0x487AAC0: ??? (in /usr/lib/x86_64-linux-gnu/libncurses.so.6.4)
==170181==    by 0x487B5E4: ??? (in /usr/lib/x86_64-linux-gnu/libncurses.so.6.4)
==170181==    by 0x48875AB: ??? (in /usr/lib/x86_64-linux-gnu/libncurses.so.6.4)
==170181==    by 0x487535D: endwin_sp (in /usr/lib/x86_64-linux-gnu/libncurses.so.6.4)
==170181==    by 0x10A89C: cleanup_context (index.c:53)
==170181==    by 0x10C605: interactivity_routine (interactivity.c:134)
==170181==    by 0x49541F4: start_thread (pthread_create.c:442)
==170181==    by 0x49D3B3F: clone (clone.S:100)
==170181== 
==170181== Conditional jump or move depends on uninitialised value(s)
==170181==    at 0x4879FCE: ??? (in /usr/lib/x86_64-linux-gnu/libncurses.so.6.4)
==170181==    by 0x487A4AE: ??? (in /usr/lib/x86_64-linux-gnu/libncurses.so.6.4)
==170181==    by 0x487AAC0: ??? (in /usr/lib/x86_64-linux-gnu/libncurses.so.6.4)
==170181==    by 0x487B5E4: ??? (in /usr/lib/x86_64-linux-gnu/libncurses.so.6.4)
==170181==    by 0x48875AB: ??? (in /usr/lib/x86_64-linux-gnu/libncurses.so.6.4)
==170181==    by 0x487535D: endwin_sp (in /usr/lib/x86_64-linux-gnu/libncurses.so.6.4)
==170181==    by 0x10A89C: cleanup_context (index.c:53)
==170181==    by 0x10C605: interactivity_routine (interactivity.c:134)
==170181==    by 0x49541F4: start_thread (pthread_create.c:442)
==170181==    by 0x49D3B3F: clone (clone.S:100)
==170181== 
==170181== Conditional jump or move depends on uninitialised value(s)
==170181==    at 0x487A610: ??? (in /usr/lib/x86_64-linux-gnu/libncurses.so.6.4)
==170181==    by 0x487AAC0: ??? (in /usr/lib/x86_64-linux-gnu/libncurses.so.6.4)
==170181==    by 0x487B5E4: ??? (in /usr/lib/x86_64-linux-gnu/libncurses.so.6.4)
==170181==    by 0x48875AB: ??? (in /usr/lib/x86_64-linux-gnu/libncurses.so.6.4)
==170181==    by 0x487535D: endwin_sp (in /usr/lib/x86_64-linux-gnu/libncurses.so.6.4)
==170181==    by 0x10A89C: cleanup_context (index.c:53)
==170181==    by 0x10C605: interactivity_routine (interactivity.c:134)
==170181==    by 0x49541F4: start_thread (pthread_create.c:442)
==170181==    by 0x49D3B3F: clone (clone.S:100)
==170181== 
==170181== 
==170181== HEAP SUMMARY:
==170181==     in use at exit: 100,327 bytes in 427 blocks
==170181==   total heap usage: 4,849 allocs, 4,422 frees, 1,822,505 bytes allocated
==170181== 
==170181== LEAK SUMMARY:
==170181==    definitely lost: 0 bytes in 0 blocks
==170181==    indirectly lost: 0 bytes in 0 blocks
==170181==      possibly lost: 1,457 bytes in 14 blocks
==170181==    still reachable: 98,870 bytes in 413 blocks
==170181==         suppressed: 0 bytes in 0 blocks
==170181== Rerun with --leak-check=full to see details of leaked memory
==170181== 
==170181== Use --track-origins=yes to see where uninitialised values come from
==170181== For lists of detected and suppressed errors, rerun with: -s
==170181== ERROR SUMMARY: 45980 errors from 49 contexts (suppressed: 0 from 0)
